  ADS_CA2_Tree.cpp
C:\Users\david\source\repos\davidDKIT-ADS_CA2_Tree_Dawid_David\ADS_CA2_Tree\BinaryTree.h(9,7): error C2143: syntax error: missing ';' before '<'
C:\Users\david\source\repos\davidDKIT-ADS_CA2_Tree_Dawid_David\ADS_CA2_Tree\BinaryTree.h(15): message : see reference to class template instantiation 'BinaryTree<K,E>' being compiled
C:\Users\david\source\repos\davidDKIT-ADS_CA2_Tree_Dawid_David\ADS_CA2_Tree\BinaryTree.h(9,1): error C4430: missing type specifier - int assumed. Note: C++ does not support default-int
C:\Users\david\source\repos\davidDKIT-ADS_CA2_Tree_Dawid_David\ADS_CA2_Tree\BinaryTree.h(9,11): error C2238: unexpected token(s) preceding ';'
C:\Users\david\source\repos\davidDKIT-ADS_CA2_Tree_Dawid_David\ADS_CA2_Tree\BinaryTree.h(19,2): error C3861: 'root': identifier not found
C:\Users\david\source\repos\davidDKIT-ADS_CA2_Tree_Dawid_David\ADS_CA2_Tree\BinaryTree.h(19,2): error C2065: 'root': undeclared identifier
C:\Users\david\source\repos\davidDKIT-ADS_CA2_Tree_Dawid_David\ADS_CA2_Tree\BinaryTree.h(25,6): error C2065: 'root': undeclared identifier
C:\Users\david\source\repos\davidDKIT-ADS_CA2_Tree_Dawid_David\ADS_CA2_Tree\BinaryTree.h(27,3): error C2065: 'root': undeclared identifier
C:\Users\david\source\repos\davidDKIT-ADS_CA2_Tree_Dawid_David\ADS_CA2_Tree\BinaryTree.h(27,14): error C2065: 'TNode': undeclared identifier
C:\Users\david\source\repos\davidDKIT-ADS_CA2_Tree_Dawid_David\ADS_CA2_Tree\BinaryTree.h(27,14): error C2760: syntax error: 'identifier' was unexpected here; expected 'type specifier'
C:\Users\david\source\repos\davidDKIT-ADS_CA2_Tree_Dawid_David\ADS_CA2_Tree\BinaryTree.h(27,19): error C3878: syntax error: unexpected token '<' following 'expression'
C:\Users\david\source\repos\davidDKIT-ADS_CA2_Tree_Dawid_David\ADS_CA2_Tree\BinaryTree.h(27,19): message : error recovery skipped: '< identifier'
C:\Users\david\source\repos\davidDKIT-ADS_CA2_Tree_Dawid_David\ADS_CA2_Tree\BinaryTree.h(27,21): error C2760: syntax error: ',' was unexpected here; expected ';'
C:\Users\david\source\repos\davidDKIT-ADS_CA2_Tree_Dawid_David\ADS_CA2_Tree\BinaryTree.h(27,21): error C3878: syntax error: unexpected token ',' following 'expression_statement'
C:\Users\david\source\repos\davidDKIT-ADS_CA2_Tree_Dawid_David\ADS_CA2_Tree\BinaryTree.h(27,21): message : error recovery skipped: ','
C:\Users\david\source\repos\davidDKIT-ADS_CA2_Tree_Dawid_David\ADS_CA2_Tree\BinaryTree.h(27,24): error C2760: syntax error: '>' was unexpected here; expected 'declaration'
C:\Users\david\source\repos\davidDKIT-ADS_CA2_Tree_Dawid_David\ADS_CA2_Tree\BinaryTree.h(27,26): error C2760: syntax error: ')' was unexpected here; expected 'expression'
C:\Users\david\source\repos\davidDKIT-ADS_CA2_Tree_Dawid_David\ADS_CA2_Tree\BinaryTree.h(27,26): error C2760: syntax error: ')' was unexpected here; expected ';'
C:\Users\david\source\repos\davidDKIT-ADS_CA2_Tree_Dawid_David\ADS_CA2_Tree\BinaryTree.h(27,26): error C3878: syntax error: unexpected token ')' following 'expression_statement'
C:\Users\david\source\repos\davidDKIT-ADS_CA2_Tree_Dawid_David\ADS_CA2_Tree\BinaryTree.h(27,26): error C3878: syntax error: unexpected token ')' following 'statement'
C:\Users\david\source\repos\davidDKIT-ADS_CA2_Tree_Dawid_David\ADS_CA2_Tree\BinaryTree.h(27,26): error C3878: syntax error: unexpected token ')' following 'statement_seq'
C:\Users\david\source\repos\davidDKIT-ADS_CA2_Tree_Dawid_David\ADS_CA2_Tree\BinaryTree.h(27,26): message : missing one of:  '}' ?
C:\Users\david\source\repos\davidDKIT-ADS_CA2_Tree_Dawid_David\ADS_CA2_Tree\BinaryTree.h(27,26): error C2760: syntax error: ')' was unexpected here; expected '}'
C:\Users\david\source\repos\davidDKIT-ADS_CA2_Tree_Dawid_David\ADS_CA2_Tree\BinaryTree.h(27,26): error C3878: syntax error: unexpected token ')' following 'compound_statement'
C:\Users\david\source\repos\davidDKIT-ADS_CA2_Tree_Dawid_David\ADS_CA2_Tree\BinaryTree.h(27,26): error C3878: syntax error: unexpected token ')' following 'selection_statement'
C:\Users\david\source\repos\davidDKIT-ADS_CA2_Tree_Dawid_David\ADS_CA2_Tree\BinaryTree.h(27,26): message : error recovery skipped: ')'
C:\Users\david\source\repos\davidDKIT-ADS_CA2_Tree_Dawid_David\ADS_CA2_Tree\BinaryTree.h(28,3): error C2065: 'root': undeclared identifier
C:\Users\david\source\repos\davidDKIT-ADS_CA2_Tree_Dawid_David\ADS_CA2_Tree\ADS_CA2_Tree.cpp(23,13): error C2660: 'BinaryTree<int,int>::add': function does not take 1 arguments
C:\Users\david\source\repos\davidDKIT-ADS_CA2_Tree_Dawid_David\ADS_CA2_Tree\BinaryTree.h(10,7): message : see declaration of 'BinaryTree<int,int>::add'
